#
# There is insufficient memory for the Java Runtime Environment to continue.
# Native memory allocation (mmap) failed to map 536870912 bytes. Error detail: G1 virtual space
# Possible reasons:
#   The system is out of physical RAM or swap space
#   This process is running with CompressedOops enabled, and the Java Heap may be blocking the growth of the native heap
# Possible solutions:
#   Reduce memory load on the system
#   Increase physical memory or swap space
#   Check if swap backing store is full
#   Decrease Java heap size (-Xmx/-Xms)
#   Decrease number of Java threads
#   Decrease Java thread stack sizes (-Xss)
#   Set larger code cache with -XX:ReservedCodeCacheSize=
#   JVM is running with Zero Based Compressed Oops mode in which the Java heap is
#     placed in the first 32GB address space. The Java Heap base address is the
#     maximum limit for the native heap growth. Please use -XX:HeapBaseMinAddress
#     to set the Java Heap base and to place the Java Heap above 32GB virtual address.
# This output file may be truncated or incomplete.
#
#  Out of Memory Error (os_windows.cpp:3815), pid=20600, tid=29104
#
# JRE version:  (21.0.3) (build )
# Java VM: OpenJDK 64-Bit Server VM (21.0.3+-12282718-b509.11, mixed mode, sharing, tiered, compressed oops, compressed class ptrs, g1 gc, windows-amd64)
# No core dump will be written. Minidumps are not enabled by default on client versions of Windows
#

---------------  S U M M A R Y ------------

Command Line: org.jetbrains.kotlin.cli.jvm.K2JVMCompiler @D:\AndroidProjects\Snoozeloo\app\build\20241109_6687200791539130326.compiler.options

Host: Intel(R) Core(TM) i7-7500U CPU @ 2.70GHz, 4 cores, 31G,  Windows 10 , 64 bit Build 19041 (10.0.19041.4957)
Time: Sat Nov  9 23:31:25 2024 GMT Standard Time elapsed time: 0.030067 seconds (0d 0h 0m 0s)

---------------  T H R E A D  ---------------

Current thread (0x00000210f1b4b6f0):  JavaThread "Unknown thread" [_thread_in_vm, id=29104, stack(0x0000003aed100000,0x0000003aed200000) (1024K)]

Stack: [0x0000003aed100000,0x0000003aed200000]
Native frames: (J=compiled Java code, j=interpreted, Vv=VM code, C=native code)
V  [jvm.dll+0x6cafb9]
V  [jvm.dll+0x858523]
V  [jvm.dll+0x85aa7e]
V  [jvm.dll+0x85b163]
V  [jvm.dll+0x27d356]
V  [jvm.dll+0x6c7865]
V  [jvm.dll+0x6bbd3a]
V  [jvm.dll+0x35199b]
V  [jvm.dll+0x3595d6]
V  [jvm.dll+0x3aa826]
V  [jvm.dll+0x3aaaf8]
V  [jvm.dll+0x3240bc]
V  [jvm.dll+0x324dab]
V  [jvm.dll+0x81fd89]
V  [jvm.dll+0x3b7c08]
V  [jvm.dll+0x80921d]
V  [jvm.dll+0x44c05e]
V  [jvm.dll+0x44d6b1]
C  [jli.dll+0x52ab]
C  [ucrtbase.dll+0x21bb2]
C  [KERNEL32.DLL+0x17374]
C  [ntdll.dll+0x4cc91]


---------------  P R O C E S S  ---------------

Threads class SMR info:
_java_thread_list=0x00007ffb922e57c8, length=0, elements={
}

Java Threads: ( => current thread )
Total: 0

Other Threads:
  0x00000210f3d5ecb0 WorkerThread "GC Thread#0"                     [id=16500, stack(0x0000003aed200000,0x0000003aed300000) (1024K)]
  0x00000210f3d70af0 ConcurrentGCThread "G1 Main Marker"            [id=27664, stack(0x0000003aed300000,0x0000003aed400000) (1024K)]
  0x00000210f3d71e80 WorkerThread "G1 Conc#0"                       [id=9868, stack(0x0000003aed400000,0x0000003aed500000) (1024K)]

[error occurred during error reporting (printing all threads), id 0xc0000005, EXCEPTION_ACCESS_VIOLATION (0xc0000005) at pc=0x00007ffb91ae7197]
VM state: not at safepoint (not fully initialized)

VM Mutex/Monitor currently owned by a thread:  ([mutex/lock_event])
[0x00007ffb923521c8] Heap_lock - owner thread: 0x00000210f1b4b6f0

Heap address: 0x0000000601800000, size: 8168 MB, Compressed Oops mode: Zero based, Oop shift amount: 3

CDS archive(s) mapped at: [0x0000000000000000-0x0000000000000000-0x0000000000000000), size 0, SharedBaseAddress: 0x0000000800000000, ArchiveRelocationMode: 1.
Narrow klass base: 0x0000000000000000, Narrow klass shift: 0, Narrow klass range: 0x0

GC Precious Log:
 CardTable entry size: 512
 Card Set container configuration: InlinePtr #cards 4 size 8 Array Of Cards #cards 32 size 80 Howl #buckets 8 coarsen threshold 7372 Howl Bitmap #cards 1024 size 144 coarsen threshold 921 Card regions per heap region 1 cards per card region 8192

Heap:
 garbage-first heap   total 0K, used 0K [0x0000000601800000, 0x0000000800000000)
  region size 4096K, 0 young (0K), 0 survivors (0K)
 Metaspace       used 0K, committed 0K, reserved 0K
  class space    used 0K, committed 0K, reserved 0K

Heap Regions: E=young(eden), S=young(survivor), O=old, HS=humongous(starts), HC=humongous(continues), CS=collection set, F=free, TAMS=top-at-mark-start, PB=parsable bottom

Card table byte_map: [0x00000210f7e10000,0x00000210f8e10000] _byte_map_base: 0x00000210f4e04000

Marking Bits: (CMBitMap*) 0x00000210f3d602d0
 Bits: [0x000002108f000000, 0x0000021096fa0000)

GC Heap History (0 events):
No events

Dll operation events (1 events):
Event: 0.022 Loaded shared library C:\Program Files\Android\Android Studio\jbr\bin\java.dll

Deoptimization events (0 events):
No events

Classes loaded (0 events):
No events

Classes unloaded (0 events):
No events

Classes redefined (0 events):
No events

Internal exceptions (0 events):
No events

ZGC Phase Switch (0 events):
No events

VM Operations (0 events):
No events

Events (0 events):
No events


Dynamic libraries:
0x00007ff6a68f0000 - 0x00007ff6a68fa000 	C:\Program Files\Android\Android Studio\jbr\bin\java.exe
0x00007ffc0b6b0000 - 0x00007ffc0b8a8000 	C:\Windows\SYSTEM32\ntdll.dll
0x00007ffc0aff0000 - 0x00007ffc0b0b2000 	C:\Windows\System32\KERNEL32.DLL
0x00007ffc09340000 - 0x00007ffc0963e000 	C:\Windows\System32\KERNELBASE.dll
0x00007ffc08d50000 - 0x00007ffc08e50000 	C:\Windows\System32\ucrtbase.dll
0x00007ffbfdde0000 - 0x00007ffbfddf8000 	C:\Program Files\Android\Android Studio\jbr\bin\jli.dll
0x00007ffbffdd0000 - 0x00007ffbffdeb000 	C:\Program Files\Android\Android Studio\jbr\bin\VCRUNTIME140.dll
0x00007ffc0b190000 - 0x00007ffc0b32d000 	C:\Windows\System32\USER32.dll
0x00007ffc08e50000 - 0x00007ffc08e72000 	C:\Windows\System32\win32u.dll
0x00007ffc0b440000 - 0x00007ffc0b46b000 	C:\Windows\System32\GDI32.dll
0x00007ffbf6560000 - 0x00007ffbf67fa000 	C:\Windows\WinSxS\amd64_microsoft.windows.common-controls_6595b64144ccf1df_6.0.19041.4355_none_60b8b9eb71f62e16\COMCTL32.dll
0x00007ffc09020000 - 0x00007ffc09137000 	C:\Windows\System32\gdi32full.dll
0x00007ffc0b470000 - 0x00007ffc0b50e000 	C:\Windows\System32\msvcrt.dll
0x00007ffc08e80000 - 0x00007ffc08f1d000 	C:\Windows\System32\msvcp_win.dll
0x00007ffc0adb0000 - 0x00007ffc0addf000 	C:\Windows\System32\IMM32.DLL
0x00007ffbffdc0000 - 0x00007ffbffdcc000 	C:\Program Files\Android\Android Studio\jbr\bin\vcruntime140_1.dll
0x00007ffbd34b0000 - 0x00007ffbd353d000 	C:\Program Files\Android\Android Studio\jbr\bin\msvcp140.dll
0x00007ffb917b0000 - 0x00007ffb9242d000 	C:\Program Files\Android\Android Studio\jbr\bin\server\jvm.dll
0x00007ffc0ab40000 - 0x00007ffc0abf2000 	C:\Windows\System32\ADVAPI32.dll
0x00007ffc09990000 - 0x00007ffc09a30000 	C:\Windows\System32\sechost.dll
0x00007ffc0adf0000 - 0x00007ffc0af13000 	C:\Windows\System32\RPCRT4.dll
0x00007ffc091b0000 - 0x00007ffc091d7000 	C:\Windows\System32\bcrypt.dll
0x00007ffc0af20000 - 0x00007ffc0af8b000 	C:\Windows\System32\WS2_32.dll
0x00007ffc08290000 - 0x00007ffc082db000 	C:\Windows\SYSTEM32\POWRPROF.dll
0x00007ffbf5cb0000 - 0x00007ffbf5cd7000 	C:\Windows\SYSTEM32\WINMM.dll
0x00007ffbfda30000 - 0x00007ffbfda3a000 	C:\Windows\SYSTEM32\VERSION.dll
0x00007ffc08150000 - 0x00007ffc08162000 	C:\Windows\SYSTEM32\UMPDC.dll
0x00007ffc075a0000 - 0x00007ffc075b2000 	C:\Windows\SYSTEM32\kernel.appcore.dll
0x00007ffbffdb0000 - 0x00007ffbffdba000 	C:\Program Files\Android\Android Studio\jbr\bin\jimage.dll
0x00007ffc03930000 - 0x00007ffc03b14000 	C:\Windows\SYSTEM32\DBGHELP.DLL
0x00007ffbe2100000 - 0x00007ffbe2134000 	C:\Windows\SYSTEM32\dbgcore.DLL
0x00007ffc09640000 - 0x00007ffc096c2000 	C:\Windows\System32\bcryptPrimitives.dll
0x00007ffbffd80000 - 0x00007ffbffd9f000 	C:\Program Files\Android\Android Studio\jbr\bin\java.dll

dbghelp: loaded successfully - version: 4.0.5 - missing functions: none
symbol engine: initialized successfully - sym options: 0x614 - pdb path: .;C:\Program Files\Android\Android Studio\jbr\bin;C:\Windows\SYSTEM32;C:\Windows\WinSxS\amd64_microsoft.windows.common-controls_6595b64144ccf1df_6.0.19041.4355_none_60b8b9eb71f62e16;C:\Program Files\Android\Android Studio\jbr\bin\server

VM Arguments:
java_command: org.jetbrains.kotlin.cli.jvm.K2JVMCompiler @D:\AndroidProjects\Snoozeloo\app\build\20241109_6687200791539130326.compiler.options
java_class_path (initial): C:\Users\JahangirJadi\.gradle\caches\modules-2\files-2.1\org.jetbrains.kotlin\kotlin-compiler-embeddable\2.0.0\1de310de3446414381282ffc46c3ed3919a4d1da\kotlin-compiler-embeddable-2.0.0.jar;C:\Users\JahangirJadi\.gradle\caches\modules-2\files-2.1\org.jetbrains.kotlin\kotlin-stdlib\2.0.0\b48df2c4aede9586cc931ead433bc02d6fd7879e\kotlin-stdlib-2.0.0.jar;C:\Users\JahangirJadi\.gradle\caches\modules-2\files-2.1\org.jetbrains.kotlin\kotlin-script-runtime\2.0.0\fdc27dd047d592fa41d2dfa21e7621287a361612\kotlin-script-runtime-2.0.0.jar;C:\Users\JahangirJadi\.gradle\caches\modules-2\files-2.1\org.jetbrains.kotlin\kotlin-reflect\1.6.10\1cbe9c92c12a94eea200d23c2bbaedaf3daf5132\kotlin-reflect-1.6.10.jar;C:\Users\JahangirJadi\.gradle\caches\modules-2\files-2.1\org.jetbrains.kotlin\kotlin-daemon-embeddable\2.0.0\b39c612768614c4428c96ee9c65477181fffe9d\kotlin-daemon-embeddable-2.0.0.jar;C:\Users\JahangirJadi\.gradle\caches\modules-2\files-2.1\org.jetbrains.intellij.deps\trove4j\1.0.20200330\3afb14d5f9ceb459d724e907a21145e8ff394f02\trove4j-1.0.20200330.jar;C:\Users\JahangirJadi\.gradle\caches\modules-2\files-2.1\org.jetbrains\annotations\13.0\919f0dfe192fb4e063e7dacadee7f8bb9a2672a9\annotations-13.0.jar
Launcher Type: SUN_STANDARD

[Global flags]
     intx CICompilerCount                          = 3                                         {product} {ergonomic}
     uint ConcGCThreads                            = 1                                         {product} {ergonomic}
     uint G1ConcRefinementThreads                  = 4                                         {product} {ergonomic}
   size_t G1HeapRegionSize                         = 4194304                                   {product} {ergonomic}
    uintx GCDrainStackTargetSize                   = 64                                        {product} {ergonomic}
   size_t InitialHeapSize                          = 536870912                                 {product} {ergonomic}
   size_t MarkStackSize                            = 4194304                                   {product} {ergonomic}
   size_t MaxHeapSize                              = 8564768768                                {product} {ergonomic}
   size_t MinHeapDeltaBytes                        = 4194304                                   {product} {ergonomic}
   size_t MinHeapSize                              = 8388608                                   {product} {ergonomic}
    uintx NonNMethodCodeHeapSize                   = 5832780                                {pd product} {ergonomic}
    uintx NonProfiledCodeHeapSize                  = 122912730                              {pd product} {ergonomic}
    uintx ProfiledCodeHeapSize                     = 122912730                              {pd product} {ergonomic}
    uintx ReservedCodeCacheSize                    = 251658240                              {pd product} {ergonomic}
     bool SegmentedCodeCache                       = true                                      {product} {ergonomic}
   size_t SoftMaxHeapSize                          = 8564768768                             {manageable} {ergonomic}
     bool UseCompressedOops                        = true                           {product lp64_product} {ergonomic}
     bool UseG1GC                                  = true                                      {product} {ergonomic}
     bool UseLargePagesIndividualAllocation        = false                                  {pd product} {ergonomic}

Logging:
Log output configuration:
 #0: stdout all=warning uptime,level,tags foldmultilines=false
 #1: stderr all=off uptime,level,tags foldmultilines=false

Environment Variables:
PATH=C:\Python312\Scripts\;C:\Python312\;C:\Program Files\Common Files\Oracle\Java\javapath;C:\Windows\system32;C:\Windows;C:\Windows\System32\Wbem;C:\Windows\System32\WindowsPowerShell\v1.0\;C:\Windows\System32\OpenSSH\;C:\Program Files (x86)\NVIDIA Corporation\PhysX\Common;C:\Program Files\Git\cmd;C:\Program Files\Java\jdk-17\bin;C:\Program Files\nodejs\;C:\ProgramData\chocolatey\bin;C:\Users\JahangirJadi\AppData\Local\Programs\Python\Python313\Scripts\;C:\Users\JahangirJadi\AppData\Local\Programs\Python\Python313\;C:\Users\JahangirJadi\AppData\Local\Programs\Python\Launcher\;C:\Users\JahangirJadi\AppData\Local\Microsoft\WindowsApps;C:\Users\JahangirJadi\AppData\Local\Programs\Microsoft VS Code\bin;C:\Program Files\Java\jdk-17\bin;C:\Users\JahangirJadi\AppData\Local\Android\Sdk\platform-tools;;C:\Program Files\JetBrains\PyCharm Community Edition 2024.2.4\bin;;C:\Users\JahangirJadi\AppData\Roaming\npm
USERNAME=JahangirJadi
OS=Windows_NT
PROCESSOR_IDENTIFIER=Intel64 Family 6 Model 142 Stepping 9, GenuineIntel
TMP=C:\Users\JAHANG~1\AppData\Local\Temp
TEMP=C:\Users\JAHANG~1\AppData\Local\Temp




Periodic native trim disabled

JNI global refs:
JNI global refs: 0, weak refs: 0

JNI global refs memory usage: 0, weak refs: 0

Process memory usage:
Resident Set Size: 10836K (0% of 33449168K total physical memory with 1397104K free physical memory)

OOME stack traces (most recent first):
Classloader memory used:

---------------  S Y S T E M  ---------------

OS:
 Windows 10 , 64 bit Build 19041 (10.0.19041.4957)
OS uptime: 11 days 7:23 hours

CPU: total 4 (initial active 4) (2 cores per cpu, 2 threads per core) family 6 model 142 stepping 9 microcode 0xb4, cx8, cmov, fxsr, ht, mmx, 3dnowpref, sse, sse2, sse3, ssse3, sse4.1, sse4.2, popcnt, lzcnt, tsc, tscinvbit, avx, avx2, aes, erms, clmul, bmi1, bmi2, adx, fma, vzeroupper, clflush, clflushopt, rdtscp, f16c
Processor Information for all 4 processors :
  Max Mhz: 2904, Current Mhz: 2703, Mhz Limit: 2700

Memory: 4k page, system-wide physical 32665M (1364M free)
TotalPageFile size 58141M (AvailPageFile size 413M)
current process WorkingSet (physical memory assigned to process): 10M, peak: 10M
current process commit charge ("private bytes"): 52M, peak: 564M

vm_info: OpenJDK 64-Bit Server VM (21.0.3+-12282718-b509.11) for windows-amd64 JRE (21.0.3+-12282718-b509.11), built on 2024-08-27T17:34:15Z by "builder" with MS VC++ 16.10 / 16.11 (VS2019)

END.
